This is pdfTeX, Version 3.14159265-2.6-1.40.21 (TeX Live 2020) (preloaded format=pdflatex 2020.8.2)  30 SEP 2020 17:20
entering extended mode
 restricted \write18 enabled.
 %&-line parsing enabled.
**DetGen_new.tex
(./DetGen_new.tex
LaTeX2e <2020-02-02> patch level 5
L3 programming layer <2020-07-17>
(/usr/local/texlive/2020basic/texmf-dist/tex/latex/base/article.cls
Document Class: article 2019/12/20 v1.4l Standard LaTeX document class
(/usr/local/texlive/2020basic/texmf-dist/tex/latex/base/size10.clo
File: size10.clo 2019/12/20 v1.4l Standard LaTeX file (size option)
)
\c@part=\count168
\c@section=\count169
\c@subsection=\count170
\c@subsubsection=\count171
\c@paragraph=\count172
\c@subparagraph=\count173
\c@figure=\count174
\c@table=\count175
\abovecaptionskip=\skip47
\belowcaptionskip=\skip48
\bibindent=\dimen134
)
(/usr/local/texlive/2020basic/texmf-dist/tex/latex/geometry/geometry.sty
Package: geometry 2020/01/02 v5.9 Page Geometry

(/usr/local/texlive/2020basic/texmf-dist/tex/latex/graphics/keyval.sty
Package: keyval 2014/10/28 v1.15 key=value parser (DPC)
\KV@toks@=\toks15
)
(/usr/local/texlive/2020basic/texmf-dist/tex/generic/iftex/ifvtex.sty
Package: ifvtex 2019/10/25 v1.7 ifvtex legacy package. Use iftex instead.

(/usr/local/texlive/2020basic/texmf-dist/tex/generic/iftex/iftex.sty
Package: iftex 2020/03/06 v1.0d TeX engine tests
))
\Gm@cnth=\count176
\Gm@cntv=\count177
\c@Gm@tempcnt=\count178
\Gm@bindingoffset=\dimen135
\Gm@wd@mp=\dimen136
\Gm@odd@mp=\dimen137
\Gm@even@mp=\dimen138
\Gm@layoutwidth=\dimen139
\Gm@layoutheight=\dimen140
\Gm@layouthoffset=\dimen141
\Gm@layoutvoffset=\dimen142
\Gm@dimlist=\toks16
)
(/usr/local/texlive/2020basic/texmf-dist/tex/latex/graphics/graphicx.sty
Package: graphicx 2019/11/30 v1.2a Enhanced LaTeX Graphics (DPC,SPQR)

(/usr/local/texlive/2020basic/texmf-dist/tex/latex/graphics/graphics.sty
Package: graphics 2019/11/30 v1.4a Standard LaTeX Graphics (DPC,SPQR)

(/usr/local/texlive/2020basic/texmf-dist/tex/latex/graphics/trig.sty
Package: trig 2016/01/03 v1.10 sin cos tan (DPC)
)
(/usr/local/texlive/2020basic/texmf-dist/tex/latex/graphics-cfg/graphics.cfg
File: graphics.cfg 2016/06/04 v1.11 sample graphics configuration
)
Package graphics Info: Driver file: pdftex.def on input line 105.

(/usr/local/texlive/2020basic/texmf-dist/tex/latex/graphics-def/pdftex.def
File: pdftex.def 2018/01/08 v1.0l Graphics/color driver for pdftex
))
\Gin@req@height=\dimen143
\Gin@req@width=\dimen144
)
(/usr/local/texlive/2020basic/texmf-dist/tex/latex/graphics/color.sty
Package: color 2019/11/23 v1.2a Standard LaTeX Color (DPC)

(/usr/local/texlive/2020basic/texmf-dist/tex/latex/graphics-cfg/color.cfg
File: color.cfg 2016/01/02 v1.6 sample color configuration
)
Package color Info: Driver file: pdftex.def on input line 147.
)
(/usr/local/texlive/2020basic/texmf-dist/tex/latex/caption/subcaption.sty
Package: subcaption 2020/01/22 v1.3d Sub-captions (AR)

(/usr/local/texlive/2020basic/texmf-dist/tex/latex/caption/caption.sty
Package: caption 2020/05/30 v3.4k Customizing captions (AR)

(/usr/local/texlive/2020basic/texmf-dist/tex/latex/caption/caption3.sty
Package: caption3 2020/07/20 v1.12b caption3 kernel (AR)
Package caption3 Info: TeX engine: e-TeX on input line 61.
\captionmargin=\dimen145
\captionmargin@=\dimen146
\captionwidth=\dimen147
\caption@tempdima=\dimen148
\caption@indent=\dimen149
\caption@parindent=\dimen150
\caption@hangindent=\dimen151
Package caption Info: Standard document class detected.
)
\c@caption@flags=\count179
\c@continuedfloat=\count180
)
\c@subfigure=\count181
\c@subtable=\count182
)
(/usr/local/texlive/2020basic/texmf-dist/tex/latex/listings/listings.sty
\lst@mode=\count183
\lst@gtempboxa=\box45
\lst@token=\toks17
\lst@length=\count184
\lst@currlwidth=\dimen152
\lst@column=\count185
\lst@pos=\count186
\lst@lostspace=\dimen153
\lst@width=\dimen154
\lst@newlines=\count187
\lst@lineno=\count188
\lst@maxwidth=\dimen155

(/usr/local/texlive/2020basic/texmf-dist/tex/latex/listings/lstmisc.sty
File: lstmisc.sty 2020/03/24 1.8d (Carsten Heinz)
\c@lstnumber=\count189
\lst@skipnumbers=\count190
\lst@framebox=\box46
)
(/usr/local/texlive/2020basic/texmf-dist/tex/latex/listings/listings.cfg
File: listings.cfg 2020/03/24 1.8d listings configuration
))
Package: listings 2020/03/24 1.8d (Carsten Heinz)

(/usr/local/texlive/2020basic/texmf-dist/tex/latex/url/url.sty
\Urlmuskip=\muskip16
Package: url 2013/09/16  ver 3.4  Verb mode for urls, etc.
)
(/usr/local/texlive/2020basic/texmf-dist/tex/latex/graphics/epsfig.sty
Package: epsfig 2017/06/25 v1.7b (e)psfig emulation (SPQR)
\epsfxsize=\dimen156
\epsfysize=\dimen157
)
(/usr/local/texlive/2020basic/texmf-dist/tex/latex/tools/multicol.sty
Package: multicol 2019/12/09 v1.8y multicolumn formatting (FMi)
\c@tracingmulticols=\count191
\mult@box=\box47
\multicol@leftmargin=\dimen158
\c@unbalance=\count192
\c@collectmore=\count193
\doublecol@number=\count194
\multicoltolerance=\count195
\multicolpretolerance=\count196
\full@width=\dimen159
\page@free=\dimen160
\premulticols=\dimen161
\postmulticols=\dimen162
\multicolsep=\skip49
\multicolbaselineskip=\skip50
\partial@page=\box48
\last@line=\box49
\maxbalancingoverflow=\dimen163
\mult@rightbox=\box50
\mult@grightbox=\box51
\mult@gfirstbox=\box52
\mult@firstbox=\box53
\@tempa=\box54
\@tempa=\box55
\@tempa=\box56
\@tempa=\box57
\@tempa=\box58
\@tempa=\box59
\@tempa=\box60
\@tempa=\box61
\@tempa=\box62
\@tempa=\box63
\@tempa=\box64
\@tempa=\box65
\@tempa=\box66
\@tempa=\box67
\@tempa=\box68
\@tempa=\box69
\@tempa=\box70
\@tempa=\box71
\@tempa=\box72
\@tempa=\box73
\@tempa=\box74
\@tempa=\box75
\@tempa=\box76
\@tempa=\box77
\@tempa=\box78
\@tempa=\box79
\@tempa=\box80
\@tempa=\box81
\@tempa=\box82
\@tempa=\box83
\@tempa=\box84
\@tempa=\box85
\@tempa=\box86
\@tempa=\box87
\@tempa=\box88
\@tempa=\box89
\@tempa=\box90
\c@minrows=\count197
\c@columnbadness=\count198
\c@finalcolumnbadness=\count199
\last@try=\dimen164
\multicolovershoot=\dimen165
\multicolundershoot=\dimen166
\mult@nat@firstbox=\box91
\colbreak@box=\box92
\mc@col@check@num=\count266
)
(/usr/local/texlive/2020basic/texmf-dist/tex/latex/l3backend/l3backend-pdfmode.
def
File: l3backend-pdfmode.def 2020-06-29 L3 backend support: PDF mode
\l__kernel_color_stack_int=\count267
\l__pdf_internal_box=\box93
) (./DetGen_new.aux)
\openout1 = `DetGen_new.aux'.

LaTeX Font Info:    Checking defaults for OML/cmm/m/it on input line 14.
LaTeX Font Info:    ... okay on input line 14.
LaTeX Font Info:    Checking defaults for OMS/cmsy/m/n on input line 14.
LaTeX Font Info:    ... okay on input line 14.
LaTeX Font Info:    Checking defaults for OT1/cmr/m/n on input line 14.
LaTeX Font Info:    ... okay on input line 14.
LaTeX Font Info:    Checking defaults for T1/cmr/m/n on input line 14.
LaTeX Font Info:    ... okay on input line 14.
LaTeX Font Info:    Checking defaults for TS1/cmr/m/n on input line 14.
LaTeX Font Info:    ... okay on input line 14.
LaTeX Font Info:    Checking defaults for OMX/cmex/m/n on input line 14.
LaTeX Font Info:    ... okay on input line 14.
LaTeX Font Info:    Checking defaults for U/cmr/m/n on input line 14.
LaTeX Font Info:    ... okay on input line 14.

*geometry* driver: auto-detecting
*geometry* detected driver: pdftex
*geometry* verbose mode - [ preamble ] result:
* driver: pdftex
* paper: <default>
* layout: <same size as paper>
* layoutoffset:(h,v)=(0.0pt,0.0pt)
* modes: 
* h-part:(L,W,R)=(130.08621pt, 354.12257pt, 130.08621pt)
* v-part:(T,H,B)=(130.08621pt, 534.79756pt, 130.08621pt)
* \paperwidth=614.295pt
* \paperheight=794.96999pt
* \textwidth=354.12257pt
* \textheight=534.79756pt
* \oddsidemargin=57.81622pt
* \evensidemargin=57.81622pt
* \topmargin=20.81622pt
* \headheight=12.0pt
* \headsep=25.0pt
* \topskip=10.0pt
* \footskip=30.0pt
* \marginparwidth=65.0pt
* \marginparsep=11.0pt
* \columnsep=10.0pt
* \skip\footins=9.0pt plus 4.0pt minus 2.0pt
* \hoffset=0.0pt
* \voffset=0.0pt
* \mag=1000
* \@twocolumnfalse
* \@twosidefalse
* \@mparswitchfalse
* \@reversemarginfalse
* (1in=72.27pt=25.4mm, 1cm=28.453pt)

(/usr/local/texlive/2020basic/texmf-dist/tex/context/base/mkii/supp-pdf.mkii
[Loading MPS to PDF converter (version 2006.09.02).]
\scratchcounter=\count268
\scratchdimen=\dimen167
\scratchbox=\box94
\nofMPsegments=\count269
\nofMParguments=\count270
\everyMPshowfont=\toks18
\MPscratchCnt=\count271
\MPscratchDim=\dimen168
\MPnumerator=\count272
\makeMPintoPDFobject=\count273
\everyMPtoPDFconversion=\toks19
)
(/usr/local/texlive/2020basic/texmf-dist/tex/latex/epstopdf-pkg/epstopdf-base.s
ty
Package: epstopdf-base 2020-01-24 v2.11 Base part for package epstopdf
Package epstopdf-base Info: Redefining graphics rule for `.eps' on input line 4
85.

(/usr/local/texlive/2020basic/texmf-dist/tex/latex/latexconfig/epstopdf-sys.cfg
File: epstopdf-sys.cfg 2010/07/13 v1.3 Configuration of (r)epstopdf for TeX Liv
e
))
Package caption Info: Begin \AtBeginDocument code.
Package caption Info: listings package is loaded.
Package caption Info: End \AtBeginDocument code.
\c@lstlisting=\count274
LaTeX Font Info:    External font `cmex10' loaded for size
(Font)              <12> on input line 19.
LaTeX Font Info:    External font `cmex10' loaded for size
(Font)              <8> on input line 19.
LaTeX Font Info:    External font `cmex10' loaded for size
(Font)              <6> on input line 19.


LaTeX Warning: No \author given.


LaTeX Warning: Reference `Tab:Influence' on page 1 undefined on input line 31.

[1

{/usr/local/texlive/2020basic/texmf-var/fonts/map/pdftex/updmap/pdftex.map}]
Overfull \hbox (1.21121pt too wide) in paragraph at lines 46--48
\OT1/cmr/m/n/10 tic-u-lar traf-fic traces en-ables re-searchers to match par-ti
c-u-lar traf-fic struc-
 []

[2]
Overfull \hbox (10.12126pt too wide) in paragraph at lines 71--72
 \OT1/cmr/bx/n/10 Ap-pli-ca-tion layer im-ple-men-ta-tions[] \OT1/cmr/m/n/10 Di
f-fer-ent im-ple-men-ta-tions for TLS, HTTP,
 []

[3]
<images/VM_capture.pdf, id=19, 344.28625pt x 680.5425pt>
File: images/VM_capture.pdf Graphic file (type pdf)
<use images/VM_capture.pdf>
Package pdftex.def Info: images/VM_capture.pdf  used on input line 152.
(pdftex.def)             Requested size: 162.89876pt x 321.99417pt.
<images/Docker_capture.pdf, id=20, 640.3925pt x 540.0175pt>
File: images/Docker_capture.pdf Graphic file (type pdf)
<use images/Docker_capture.pdf>
Package pdftex.def Info: images/Docker_capture.pdf  used on input line 157.
(pdftex.def)             Requested size: 283.29913pt x 238.89386pt.


LaTeX Warning: Float too large for page by 61.09047pt on input line 160.

[4] [5 <./images/VM_capture.pdf> <./images/Docker_capture.pdf>] [6] [7]
[8] [9]
Overfull \hbox (26.7471pt too wide) in paragraph at lines 458--458
[]\OT1/cmr/bx/n/14.4 Impact fac-tors on traf-fic meta-data micro-structures 
 []

<images/FTP.png, id=91, 788.9475pt x 591.20876pt>
File: images/FTP.png Graphic file (type png)
<use images/FTP.png>
Package pdftex.def Info: images/FTP.png  used on input line 468.
(pdftex.def)             Requested size: 162.89876pt x 122.0646pt.
<images/HTTP.png, id=93, 788.9475pt x 591.20876pt>
File: images/HTTP.png Graphic file (type png)
<use images/HTTP.png>
Package pdftex.def Info: images/HTTP.png  used on input line 473.
(pdftex.def)             Requested size: 162.89876pt x 122.0646pt.
[10]
Overfull \hbox (10.12126pt too wide) in paragraph at lines 493--494
 \OT1/cmr/bx/n/10 Ap-pli-ca-tion layer im-ple-men-ta-tions[] \OT1/cmr/m/n/10 Di
f-fer-ent im-ple-men-ta-tions for TLS, HTTP,
 []

<images/Proto_differences_small.png, id=97, 827.09pt x 447.6725pt>
File: images/Proto_differences_small.png Graphic file (type png)
<use images/Proto_differences_small.png>
Package pdftex.def Info: images/Proto_differences_small.png  used on input line
 497.
(pdftex.def)             Requested size: 283.29913pt x 153.34056pt.
[11 <./images/FTP.png> <./images/HTTP.png>]
LaTeX Font Info:    External font `cmex10' loaded for size
(Font)              <7> on input line 528.
LaTeX Font Info:    External font `cmex10' loaded for size
(Font)              <5> on input line 528.

Underfull \hbox (badness 10000) in paragraph at lines 529--529
[]\OT1/cmr/m/n/10 Real traf-fic
 []


Underfull \hbox (badness 3930) in paragraph at lines 531--531
[]\OT1/cmr/m/n/10 Ground truth la-
 []


Underfull \hbox (badness 7649) in paragraph at lines 531--531
\OT1/cmr/m/n/10 to sep-a-rate even
 []


Underfull \hbox (badness 1888) in paragraph at lines 531--531
[]\OT1/cmr/m/n/10 background events
 []


Underfull \hbox (badness 10000) in paragraph at lines 531--531
\OT1/cmr/m/n/10 (sys-tem ac-tiv-i-
 []


Underfull \hbox (badness 1194) in paragraph at lines 531--531
\OT1/cmr/m/n/10 tiy, ar-ti-facts from
 []


Underfull \hbox (badness 10000) in paragraph at lines 531--531
\OT1/cmr/m/n/10 ear-lier ac-tiv-ity,
 []


Underfull \hbox (badness 10000) in paragraph at lines 531--531
\OT1/cmr/m/n/10 ...), over-lay-ing
 []


Underfull \hbox (badness 3168) in paragraph at lines 531--531
\OT1/cmr/m/n/10 ac-tiv-i-ties hard to
 []


Underfull \hbox (badness 10000) in paragraph at lines 531--531
[]\OT1/cmr/m/n/10 No knowl-
 []


Underfull \hbox (badness 10000) in paragraph at lines 531--531
\OT1/cmr/m/n/10 edge about
 []


Underfull \hbox (badness 10000) in paragraph at lines 531--531
\OT1/cmr/m/n/10 con-ducted
 []


Underfull \hbox (badness 10000) in paragraph at lines 531--531
[]\OT1/cmr/m/n/10 Technically
 []


Underfull \hbox (badness 2334) in paragraph at lines 531--531
\OT1/cmr/m/n/10 pos-si-ble, no
 []


Underfull \hbox (badness 1859) in paragraph at lines 533--533
\OT1/cmr/m/n/10 launches, iso-la-tion
 []


Underfull \hbox (badness 2922) in paragraph at lines 533--533
\OT1/cmr/m/n/10 means that other
 []


Underfull \hbox (badness 1009) in paragraph at lines 533--533
\OT1/cmr/m/n/10 fect on, plat-tform
 []


Underfull \hbox (badness 10000) in paragraph at lines 539--539
[]\OT1/cmr/m/n/10 Attack/victim
 []


Underfull \hbox (badness 7133) in paragraph at lines 539--539
\OT1/cmr/m/n/10 con-tain-ers re-move
 []


Underfull \hbox (badness 10000) in paragraph at lines 539--539
\OT1/cmr/m/n/10 de-pen-dence on
 []


Underfull \hbox (badness 3049) in paragraph at lines 539--539
\OT1/cmr/m/n/10 pen on the VM,
 []


Underfull \hbox (badness 10000) in paragraph at lines 539--539
\OT1/cmr/m/n/10 enough vul-ner-a-
 []


Underfull \hbox (badness 2495) in paragraph at lines 539--539
\OT1/cmr/m/n/10 bil-i-ties to in-clude
 []


Underfull \hbox (badness 10000) in paragraph at lines 539--539
[]\OT1/cmr/m/n/10 Some work
 []


Underfull \hbox (badness 10000) in paragraph at lines 539--539
\OT1/cmr/m/n/10 has been
 []


Underfull \hbox (badness 10000) in paragraph at lines 539--539
\OT1/cmr/m/n/10 done to
 []


Underfull \hbox (badness 10000) in paragraph at lines 539--539
\OT1/cmr/m/n/10 "re-play"
 []


Underfull \hbox (badness 10000) in paragraph at lines 539--539
\OT1/cmr/m/n/10 or ar-ti-fi-
 []


Underfull \hbox (badness 5519) in paragraph at lines 539--539
\OT1/cmr/m/n/10 cially in-ject
 []


Overfull \hbox (75.76321pt too wide) in paragraph at lines 528--547
 [][] 
 []

[12 <./images/Proto_differences_small.png>] [13]

LaTeX Warning: Reference `Sec:ExistScen' on page 14 undefined on input line 642
.

[14]

LaTeX Warning: Reference `Sec:problems' on page 15 undefined on input line 658.


<images/scenario_branching.PNG, id=114, 1036.87375pt x 399.4925pt>
File: images/scenario_branching.PNG Graphic file (type png)
<use images/scenario_branching.PNG>
Package pdftex.def Info: images/scenario_branching.PNG  used on input line 664.

(pdftex.def)             Requested size: 169.97731pt x 65.48671pt.
[15 <./images/scenario_branching.PNG>] [16] [17] (./DetGen_new.bbl [18]
[19]) [20] (./DetGen_new.aux)

LaTeX Warning: There were undefined references.

 ) 
Here is how much of TeX's memory you used:
 4593 strings out of 482354
 72146 string characters out of 5942339
 318879 words of memory out of 5000000
 19956 multiletter control sequences out of 15000+600000
 540323 words of font info for 46 fonts, out of 8000000 for 9000
 319 hyphenation exceptions out of 8191
 45i,10n,47p,1036b,464s stack positions out of 5000i,500n,10000p,200000b,80000s
 </Users/henryclausen/Library/texlive/2020basic/texmf-var/fonts/pk/ljfour/jkn
appen/ec/tcrm1000.600pk></usr/local/texlive/2020basic/texmf-dist/fonts/type1/pu
blic/amsfonts/cm/cmbx10.pfb></usr/local/texlive/2020basic/texmf-dist/fonts/type
1/public/amsfonts/cm/cmbx12.pfb></usr/local/texlive/2020basic/texmf-dist/fonts/
type1/public/amsfonts/cm/cmr10.pfb></usr/local/texlive/2020basic/texmf-dist/fon
ts/type1/public/amsfonts/cm/cmr12.pfb></usr/local/texlive/2020basic/texmf-dist/
fonts/type1/public/amsfonts/cm/cmr17.pfb></usr/local/texlive/2020basic/texmf-di
st/fonts/type1/public/amsfonts/cm/cmr9.pfb></usr/local/texlive/2020basic/texmf-
dist/fonts/type1/public/amsfonts/cm/cmti10.pfb>
Output written on DetGen_new.pdf (20 pages, 610298 bytes).
PDF statistics:
 163 PDF objects out of 1000 (max. 8388607)
 112 compressed objects within 2 object streams
 0 named destinations out of 1000 (max. 500000)
 31 words of extra memory for PDF output out of 10000 (max. 10000000)

