\BOOKMARK [0][-]{chapter.1}{Introduction}{}% 1
\BOOKMARK [0][-]{chapter.2}{Background}{}% 2
\BOOKMARK [1][-]{section.2.1}{Virtualisation \046 Containers}{chapter.2}% 3
\BOOKMARK [2][-]{subsection.2.1.1}{Docker}{section.2.1}% 4
\BOOKMARK [1][-]{section.2.2}{Malicious Behaviour and its Detection}{chapter.2}% 5
\BOOKMARK [2][-]{subsection.2.2.1}{Machine learning-based techniques}{section.2.2}% 6
\BOOKMARK [2][-]{subsection.2.2.2}{Existing Datasets \046 Criticism}{section.2.2}% 7
\BOOKMARK [2][-]{subsection.2.2.3}{Packet Inter-Arrival Times}{section.2.2}% 8
\BOOKMARK [0][-]{chapter.3}{Design \046 Implementation of Docker Containers}{}% 9
\BOOKMARK [1][-]{section.3.1}{Requirements}{chapter.3}% 10
\BOOKMARK [1][-]{section.3.2}{Design for Requirements}{chapter.3}% 11
\BOOKMARK [2][-]{subsection.3.2.1}{Requirement 1 - Coverage of Protocol Types}{section.3.2}% 12
\BOOKMARK [2][-]{subsection.3.2.2}{Requirement 2 - Variation within Protocols}{section.3.2}% 13
\BOOKMARK [2][-]{subsection.3.2.3}{Requirement 3 - Inclusion of Malicious Traffic}{section.3.2}% 14
\BOOKMARK [2][-]{subsection.3.2.4}{Requirement 4 - Deterministic Scenarios}{section.3.2}% 15
\BOOKMARK [2][-]{subsection.3.2.5}{Requirement 5 - Automated Capture}{section.3.2}% 16
\BOOKMARK [1][-]{section.3.3}{Dataset Collection}{chapter.3}% 17
\BOOKMARK [1][-]{section.3.4}{Implementation}{chapter.3}% 18
\BOOKMARK [2][-]{subsection.3.4.1}{Implementation of Tooling}{section.3.4}% 19
\BOOKMARK [2][-]{subsection.3.4.2}{Prior Scenarios}{section.3.4}% 20
\BOOKMARK [2][-]{subsection.3.4.3}{Implementation Process}{section.3.4}% 21
\BOOKMARK [2][-]{subsection.3.4.4}{Simple Example Scenario - FTP server}{section.3.4}% 22
\BOOKMARK [2][-]{subsection.3.4.5}{Complex Example Scenarios - Secure SQL \046 Insecure SQL}{section.3.4}% 23
\BOOKMARK [1][-]{section.3.5}{Creation of Datasets}{chapter.3}% 24
\BOOKMARK [1][-]{section.3.6}{Implemented Scenarios}{chapter.3}% 25
\BOOKMARK [0][-]{chapter.4}{Experimentation}{}% 26
\BOOKMARK [1][-]{section.4.1}{Experimental Design}{chapter.4}% 27
\BOOKMARK [1][-]{section.4.2}{Experiment 1: Exploration of Artificial Delays}{chapter.4}% 28
\BOOKMARK [2][-]{subsection.4.2.1}{Motivation}{section.4.2}% 29
\BOOKMARK [2][-]{subsection.4.2.2}{Datasets}{section.4.2}% 30
\BOOKMARK [2][-]{subsection.4.2.3}{Methodology}{section.4.2}% 31
\BOOKMARK [1][-]{section.4.3}{Experiment 2 - Classifying Application Flows using IATs}{chapter.4}% 32
\BOOKMARK [2][-]{subsection.4.3.1}{Motivation}{section.4.3}% 33
\BOOKMARK [2][-]{subsection.4.3.2}{Data \046 Preprocessing}{section.4.3}% 34
\BOOKMARK [2][-]{subsection.4.3.3}{Methodology}{section.4.3}% 35
\BOOKMARK [1][-]{section.4.4}{Experiment 3 - Varying levels of Malicious Traffic}{chapter.4}% 36
\BOOKMARK [2][-]{subsection.4.4.1}{Motivation}{section.4.4}% 37
\BOOKMARK [2][-]{subsection.4.4.2}{Data \046 Preprocessing}{section.4.4}% 38
\BOOKMARK [2][-]{subsection.4.4.3}{Methodology}{section.4.4}% 39
\BOOKMARK [0][-]{chapter.5}{Evaluation \046 Results}{}% 40
\BOOKMARK [1][-]{section.5.1}{Evaluation of Docker Scenarios \046 Dataset}{chapter.5}% 41
\BOOKMARK [2][-]{subsection.5.1.1}{Docker Scenarios}{section.5.1}% 42
\BOOKMARK [2][-]{subsection.5.1.2}{Dataset}{section.5.1}% 43
\BOOKMARK [1][-]{section.5.2}{Results of Experiment 1}{chapter.5}% 44
\BOOKMARK [1][-]{section.5.3}{Results of Experiment 2}{chapter.5}% 45
\BOOKMARK [1][-]{section.5.4}{Results of Experiment 3}{chapter.5}% 46
\BOOKMARK [0][-]{chapter.6}{Conclusions}{}% 47
\BOOKMARK [1][-]{section.6.1}{Discussion of Experiments}{chapter.6}% 48
\BOOKMARK [1][-]{section.6.2}{Conclusion, Criticism \046 Future Work}{chapter.6}% 49
\BOOKMARK [0][-]{appendix.A}{Secure SQL Code}{}% 50
\BOOKMARK [1][-]{section.A.1}{Docker-Compose.yml}{appendix.A}% 51
\BOOKMARK [1][-]{section.A.2}{Start-Up Script}{appendix.A}% 52
\BOOKMARK [1][-]{section.A.3}{Login Page with Prepared Statements - Code Snippet}{appendix.A}% 53
\BOOKMARK [1][-]{section.A.4}{SQL Start-Up Script}{appendix.A}% 54
